<?xml version="1.0" encoding="UTF-8"?>
<testsuite name="com.squareup.wire.kotlin.grpcserver.KotlinGrpcGeneratorTest" tests="4" skipped="0" failures="0" errors="0" timestamp="2024-01-18T16:00:47" hostname="bquenaudon-macbookpro.local" time="0.051">
  <properties/>
  <testcase name="correctly generates adapters for Unit return values" classname="com.squareup.wire.kotlin.grpcserver.KotlinGrpcGeneratorTest" time="0.013"/>
  <testcase name="correctly generates singleMethodService = false adapters" classname="com.squareup.wire.kotlin.grpcserver.KotlinGrpcGeneratorTest" time="0.012"/>
  <testcase name="fullFile" classname="com.squareup.wire.kotlin.grpcserver.KotlinGrpcGeneratorTest" time="0.015"/>
  <testcase name="correctly generates singleMethodService = true adapters" classname="com.squareup.wire.kotlin.grpcserver.KotlinGrpcGeneratorTest" time="0.011"/>
  <system-out><![CDATA[]]></system-out>
  <system-err><![CDATA[]]></system-err>
</testsuite>
