<?xml version="1.0" encoding="UTF-8"?>
<testsuite name="com.squareup.wire.kotlin.grpcserver.BindableAdapterTest" tests="5" skipped="0" failures="0" errors="0" timestamp="2024-01-18T16:00:44" hostname="bquenaudon-macbookpro.local" time="0.38">
  <properties/>
  <testcase name="works on suspending streaming bidi rpcs with single method services" classname="com.squareup.wire.kotlin.grpcserver.BindableAdapterTest" time="0.315"/>
  <testcase name="works on suspending streaming requests" classname="com.squareup.wire.kotlin.grpcserver.BindableAdapterTest" time="0.01"/>
  <testcase name="legacyAdapter" classname="com.squareup.wire.kotlin.grpcserver.BindableAdapterTest" time="0.04"/>
  <testcase name="works on suspending streaming responses" classname="com.squareup.wire.kotlin.grpcserver.BindableAdapterTest" time="0.007"/>
  <testcase name="works on suspending streaming bidi rpcs" classname="com.squareup.wire.kotlin.grpcserver.BindableAdapterTest" time="0.007"/>
  <system-out><![CDATA[]]></system-out>
  <system-err><![CDATA[]]></system-err>
</testsuite>
