<?xml version="1.0" encoding="UTF-8"?>
<testsuite name="com.squareup.wire.kotlin.grpcserver.ServiceDescriptorTest" tests="1" skipped="0" failures="0" errors="0" timestamp="2023-06-24T14:07:14" hostname="bquenaudon-macbookpro.local" time="0.005">
  <properties/>
  <testcase name="addServiceDescriptor" classname="com.squareup.wire.kotlin.grpcserver.ServiceDescriptorTest" time="0.005"/>
  <system-out><![CDATA[]]></system-out>
  <system-err><![CDATA[]]></system-err>
</testsuite>
