<?xml version="1.0" encoding="UTF-8"?>
<testsuite name="com.squareup.wire.kotlin.grpcserver.FileDescriptorGeneratorTest" tests="2" skipped="0" failures="0" errors="0" timestamp="2023-06-24T14:07:11" hostname="bquenaudon-macbookpro.local" time="2.978">
  <properties/>
  <testcase name="generated descriptor can be used correctly" classname="com.squareup.wire.kotlin.grpcserver.FileDescriptorGeneratorTest" time="2.626"/>
  <testcase name="generates descriptors correctly to references of nested enums after pruning" classname="com.squareup.wire.kotlin.grpcserver.FileDescriptorGeneratorTest" time="0.352"/>
  <system-out><![CDATA[]]></system-out>
  <system-err><![CDATA[]]></system-err>
</testsuite>
