<?xml version="1.0" encoding="UTF-8"?>
<testsuite name="com.squareup.wire.kotlin.grpcserver.FileDescriptorGeneratorTest" tests="2" skipped="0" failures="0" errors="0" timestamp="2024-01-18T16:00:44" hostname="bquenaudon-macbookpro.local" time="2.709">
  <properties/>
  <testcase name="generated descriptor can be used correctly" classname="com.squareup.wire.kotlin.grpcserver.FileDescriptorGeneratorTest" time="2.378"/>
  <testcase name="generates descriptors correctly to references of nested enums after pruning" classname="com.squareup.wire.kotlin.grpcserver.FileDescriptorGeneratorTest" time="0.33"/>
  <system-out><![CDATA[]]></system-out>
  <system-err><![CDATA[]]></system-err>
</testsuite>
