<?xml version="1.0" encoding="UTF-8"?>
<testsuite name="com.squareup.wire.kotlin.grpcserver.ServiceDescriptorTest" tests="1" skipped="0" failures="0" errors="0" timestamp="2024-01-18T16:00:47" hostname="bquenaudon-macbookpro.local" time="0.009">
  <properties/>
  <testcase name="addServiceDescriptor" classname="com.squareup.wire.kotlin.grpcserver.ServiceDescriptorTest" time="0.009"/>
  <system-out><![CDATA[]]></system-out>
  <system-err><![CDATA[]]></system-err>
</testsuite>
