<?xml version="1.0" encoding="UTF-8"?>
<testsuite name="com.squareup.wire.kotlin.grpcserver.KotlinGrpcGeneratorTest" tests="3" skipped="0" failures="0" errors="0" timestamp="2023-06-24T14:07:14" hostname="bquenaudon-macbookpro.local" time="0.038">
  <properties/>
  <testcase name="correctly generates singleMethodService = false adapters" classname="com.squareup.wire.kotlin.grpcserver.KotlinGrpcGeneratorTest" time="0.017"/>
  <testcase name="fullFile" classname="com.squareup.wire.kotlin.grpcserver.KotlinGrpcGeneratorTest" time="0.014"/>
  <testcase name="correctly generates singleMethodService = true adapters" classname="com.squareup.wire.kotlin.grpcserver.KotlinGrpcGeneratorTest" time="0.007"/>
  <system-out><![CDATA[]]></system-out>
  <system-err><![CDATA[]]></system-err>
</testsuite>
